<?xml version="1.0" encoding="UTF-8"?>
<!-- Generated by org.testng.reporters.JUnitReportReporter -->
<testsuite hostname="WKWZTP9hkzSNER5" failures="0" tests="1" name="day2.HandleDynamicElements3" time="10.808" errors="0" timestamp="2022-11-23T22:19:04 IST" skipped="0">
  <testcase classname="day2.HandleDynamicElements3" name="chromeDemo3" time="10.808"/>
  <system-out/>
</testsuite> <!-- day2.HandleDynamicElements3 -->
