<?xml version="1.0" encoding="UTF-8"?>
<!-- Generated by org.testng.reporters.JUnitReportReporter -->
<testsuite hostname="WKWZTP9hkzSNER5" failures="0" tests="1" name="chromedriverdemo.Script3" time="9.274" errors="0" timestamp="2022-11-29T20:32:09 IST" skipped="0">
  <testcase classname="chromedriverdemo.Script3" name="dayOneProgram" time="9.274"/>
  <system-out/>
</testsuite> <!-- chromedriverdemo.Script3 -->
