<?xml version="1.0" encoding="UTF-8"?>
<!-- Generated by org.testng.reporters.JUnitReportReporter -->
<testsuite hostname="WKWZTP9hkzSNER5" failures="0" tests="3" name="day3.SmokeTest" time="37.564" errors="0" timestamp="2022-11-23T22:19:04 IST" skipped="0">
  <testcase classname="day3.SmokeTest" name="verifyBlank" time="9.063"/>
  <system-out/>
  <testcase classname="day3.SmokeTest" name="RightPassword" time="20.851"/>
  <system-out/>
  <testcase classname="day3.SmokeTest" name="WrongPassword" time="7.650"/>
  <system-out/>
</testsuite> <!-- day3.SmokeTest -->
