<?xml version="1.0" encoding="UTF-8"?>
<!-- Generated by org.testng.reporters.JUnitReportReporter -->
<testsuite hostname="WKWZTP9hkzSNER5" failures="0" tests="3" name="jenkins.SmokeTest" time="21.511" errors="0" timestamp="2022-11-29T22:25:58 IST" skipped="0">
  <testcase classname="jenkins.SmokeTest" name="RightPassword" time="11.574"/>
  <system-out/>
  <testcase classname="jenkins.SmokeTest" name="verifyBlank" time="4.414"/>
  <system-out/>
  <testcase classname="jenkins.SmokeTest" name="WrongPassword" time="5.523"/>
  <system-out/>
</testsuite> <!-- jenkins.SmokeTest -->
