<?xml version="1.0" encoding="UTF-8"?>
<!-- Generated by org.testng.reporters.JUnitReportReporter -->
<testsuite hostname="WKWZTP9hkzSNER5" failures="0" tests="1" name="day3.Task7" time="12.064" errors="0" timestamp="2022-11-23T22:19:04 IST" skipped="0">
  <testcase classname="day3.Task7" name="dayThreeProgram" time="12.064"/>
  <system-out/>
</testsuite> <!-- day3.Task7 -->
